<?xml version="1.0" encoding="UTF-8"?>
<testsuite xmlns:xsi="http://www.w3.org/2001/XMLSchema-instance" xsi:schemaLocation="https://maven.apache.org/surefire/maven-surefire-plugin/xsd/surefire-test-report.xsd" name="TestSuite" time="96.842" tests="4" errors="0" skipped="0" failures="2">
  <properties>
    <property name="java.runtime.name" value="Java(TM) SE Runtime Environment"/>
    <property name="sun.boot.library.path" value="C:\Program Files\Java\jdk1.8.0_121\jre\bin"/>
    <property name="java.vm.version" value="25.121-b13"/>
    <property name="java.vm.vendor" value="Oracle Corporation"/>
    <property name="maven.multiModuleProjectDirectory" value="E:\Marina\Tel Ran\QA\PrjSelenium\SharedRailways\SharedRailways_Isr"/>
    <property name="java.vendor.url" value="http://java.oracle.com/"/>
    <property name="path.separator" value=";"/>
    <property name="guice.disable.misplaced.annotation.check" value="true"/>
    <property name="java.vm.name" value="Java HotSpot(TM) 64-Bit Server VM"/>
    <property name="file.encoding.pkg" value="sun.io"/>
    <property name="user.script" value=""/>
    <property name="user.country" value="US"/>
    <property name="sun.java.launcher" value="SUN_STANDARD"/>
    <property name="sun.os.patch.level" value="Service Pack 1"/>
    <property name="java.vm.specification.name" value="Java Virtual Machine Specification"/>
    <property name="user.dir" value="E:\Marina\Tel Ran\QA\PrjSelenium\SharedRailways\SharedRailways_Isr"/>
    <property name="java.runtime.version" value="1.8.0_121-b13"/>
    <property name="java.awt.graphicsenv" value="sun.awt.Win32GraphicsEnvironment"/>
    <property name="java.endorsed.dirs" value="C:\Program Files\Java\jdk1.8.0_121\jre\lib\endorsed"/>
    <property name="os.arch" value="amd64"/>
    <property name="java.io.tmpdir" value="C:\Users\Inka\AppData\Local\Temp\"/>
    <property name="line.separator" value="&#10;"/>
    <property name="java.vm.specification.vendor" value="Oracle Corporation"/>
    <property name="user.variant" value=""/>
    <property name="os.name" value="Windows 7"/>
    <property name="classworlds.conf" value="C:\Program Files (x86)\JetBrains\IntelliJ IDEA Community Edition 2016.3.4\plugins\maven\lib\maven3\bin\m2.conf"/>
    <property name="sun.jnu.encoding" value="Cp1251"/>
    <property name="java.library.path" value="C:\Program Files\Java\jdk1.8.0_121\bin;C:\Windows\Sun\Java\bin;C:\Windows\system32;C:\Windows;C:\ProgramData\Oracle\Java\javapath;C:\Program Files (x86)\VMware\VMware vSphere CLI\Perl\site\bin;C:\Program Files (x86)\VMware\VMware vSphere CLI\Perl\bin;C:\Windows\system32;C:\Windows;C:\Windows\System32\Wbem;C:\Windows\System32\WindowsPowerShell\v1.0\;C:\Program Files (x86)\ATI Technologies\ATI.ACE\Core-Static;C:\ProgramData\chocolatey\bin;C:\Program Files (x86)\Skype\Phone\;C:\Selenium;C:\Program Files (x86)\JetBrains\IntelliJ IDEA Community Edition 2016.3.4\plugins\maven\lib\maven3\bin;C:\Program Files\Java\jdk1.8.0_121\bin;C:\Program Files\MySQL\MySQL Utilities 1.6\;C:\Program Files (x86)\Google\Chrome\Application;C:\ProgramData\Oracle\Java\javapath;C:\Program Files (x86)\VMware\VMware vSphere CLI\Perl\site\bin;C:\Program Files (x86)\VMware\VMware vSphere CLI\Perl\bin;C:\Windows\system32;C:\Windows;C:\Windows\System32\Wbem;C:\Windows\System32\WindowsPowerShell\v1.0\;C:\Program Files (x86)\ATI Technologies\ATI.ACE\Core-Static;C:\ProgramData\chocolatey\bin;C:\Program Files (x86)\Skype\Phone\;C:\Users\Inka\AppData\Local\Programs\Git\cmd;C:\Program Files\Java\jdk1.8.0_121\bin;."/>
    <property name="java.specification.name" value="Java Platform API Specification"/>
    <property name="java.class.version" value="52.0"/>
    <property name="sun.management.compiler" value="HotSpot 64-Bit Tiered Compilers"/>
    <property name="os.version" value="6.1"/>
    <property name="user.home" value="C:\Users\Inka"/>
    <property name="user.timezone" value="Asia/Jerusalem"/>
    <property name="java.awt.printerjob" value="sun.awt.windows.WPrinterJob"/>
    <property name="java.specification.version" value="1.8"/>
    <property name="file.encoding" value="Cp1251"/>
    <property name="user.name" value="Inka"/>
    <property name="java.class.path" value="C:\Program Files (x86)\JetBrains\IntelliJ IDEA Community Edition 2016.3.4\plugins\maven\lib\maven3\boot\plexus-classworlds-2.5.2.jar"/>
    <property name="java.vm.specification.version" value="1.8"/>
    <property name="sun.arch.data.model" value="64"/>
    <property name="java.home" value="C:\Program Files\Java\jdk1.8.0_121\jre"/>
    <property name="sun.java.command" value="org.codehaus.plexus.classworlds.launcher.Launcher test"/>
    <property name="java.specification.vendor" value="Oracle Corporation"/>
    <property name="user.language" value="en"/>
    <property name="awt.toolkit" value="sun.awt.windows.WToolkit"/>
    <property name="java.vm.info" value="mixed mode"/>
    <property name="java.version" value="1.8.0_121"/>
    <property name="java.ext.dirs" value="C:\Program Files\Java\jdk1.8.0_121\jre\lib\ext;C:\Windows\Sun\Java\lib\ext"/>
    <property name="sun.boot.class.path" value="C:\Program Files\Java\jdk1.8.0_121\jre\lib\resources.jar;C:\Program Files\Java\jdk1.8.0_121\jre\lib\rt.jar;C:\Program Files\Java\jdk1.8.0_121\jre\lib\sunrsasign.jar;C:\Program Files\Java\jdk1.8.0_121\jre\lib\jsse.jar;C:\Program Files\Java\jdk1.8.0_121\jre\lib\jce.jar;C:\Program Files\Java\jdk1.8.0_121\jre\lib\charsets.jar;C:\Program Files\Java\jdk1.8.0_121\jre\lib\jfr.jar;C:\Program Files\Java\jdk1.8.0_121\jre\classes"/>
    <property name="sun.stderr.encoding" value="cp866"/>
    <property name="java.vendor" value="Oracle Corporation"/>
    <property name="maven.home" value="C:\Program Files (x86)\JetBrains\IntelliJ IDEA Community Edition 2016.3.4\plugins\maven\lib\maven3"/>
    <property name="file.separator" value="\"/>
    <property name="java.vendor.url.bug" value="http://bugreport.sun.com/bugreport/"/>
    <property name="sun.cpu.endian" value="little"/>
    <property name="sun.io.unicode.encoding" value="UnicodeLittle"/>
    <property name="sun.stdout.encoding" value="cp866"/>
    <property name="sun.desktop" value="windows"/>
    <property name="sun.cpu.isalist" value="amd64"/>
  </properties>
  <testcase name="positiveApplicationLoadingTest" classname="example.project.HomePageTest" time="0.286"/>
  <testcase name="positiveSearchTrainsOneWayTicket" classname="example.project.HomePageTest" time="17.987"/>
  <testcase name="positiveSearchTrainsOneWayTicket" classname="example.project.HomePageTest" time="18.88">
    <failure message="Not passed. Some verifications are not passed. expected [true] but found [false]" type="java.lang.AssertionError">java.lang.AssertionError: Not passed. Some verifications are not passed. expected [true] but found [false]
	at example.project.HomePageTest.positiveSearchTrainsOneWayTicket(HomePageTest.java:80)
</failure>
    <system-out><![CDATA[2017-05-03 22:29:04 INFO  LogLog4j:110 - Waiting for home page (time 50)
2
2017-05-03 22:29:05 INFO  LogLog4j:70 - ----Test: positiveSearchTrainsOneWayTicket: Rehovot (E. Hadar), Netanya, D, 1, 10:00
2017-05-03 22:29:05 INFO  LogLog4j:68 - Choosing Origin Station: Rehovot (E. Hadar)
2017-05-03 22:29:05 INFO  LogLog4j:74 - Choosing Destination Station: Netanya
2017-05-03 22:29:06 INFO  LogLog4j:80 - Filling data field for one way ticket
2017-05-03 22:29:07 INFO  LogLog4j:93 - Clicking departure or arrival check box for one way ticket: nothing
2017-05-03 22:29:07 INFO  LogLog4j:98 - Choosing departure time for one way ticket
2017-05-03 22:29:07 INFO  LogLog4j:104 - Clicking on Search button
2017-05-03 22:29:21 INFO  LogLog4j:39 - Waiting for Drive Plan - Choose Train (time 50)
2017-05-03 22:29:22 INFO  LogLog4j:46 - Is Drive Plan - Choose Train page
2017-05-03 22:29:23 INFO  LogLog4j:51 - Verification - is one way ticket: true
2017-05-03 22:29:23 INFO  LogLog4j:64 - Verification - is origin station correct: true
2017-05-03 22:29:23 INFO  LogLog4j:70 - Verification - is destintion station correct: true
2017-05-03 22:29:24 INFO  LogLog4j:58 - Verification - is one way date correct: false
]]></system-out>
  </testcase>
  <testcase name="positiveSearchTrainsOneWayTicket" classname="example.project.HomePageTest" time="15.249">
    <failure message="Not passed. Some verifications are not passed. expected [true] but found [false]" type="java.lang.AssertionError">java.lang.AssertionError: Not passed. Some verifications are not passed. expected [true] but found [false]
	at example.project.HomePageTest.positiveSearchTrainsOneWayTicket(HomePageTest.java:80)
</failure>
    <system-out><![CDATA[2017-05-03 22:29:30 INFO  LogLog4j:110 - Waiting for home page (time 50)
3
2017-05-03 22:29:31 INFO  LogLog4j:70 - ----Test: positiveSearchTrainsOneWayTicket: Dimona, Lod, N, 2, 17:00
2017-05-03 22:29:31 INFO  LogLog4j:68 - Choosing Origin Station: Dimona
2017-05-03 22:29:32 INFO  LogLog4j:74 - Choosing Destination Station: Lod
2017-05-03 22:29:32 INFO  LogLog4j:80 - Filling data field for one way ticket
2017-05-03 22:29:33 INFO  LogLog4j:93 - Clicking departure or arrival check box for one way ticket: nothing
2017-05-03 22:29:33 INFO  LogLog4j:98 - Choosing departure time for one way ticket
2017-05-03 22:29:33 INFO  LogLog4j:104 - Clicking on Search button
2017-05-03 22:29:44 INFO  LogLog4j:39 - Waiting for Drive Plan - Choose Train (time 50)
2017-05-03 22:29:44 INFO  LogLog4j:46 - Is Drive Plan - Choose Train page
2017-05-03 22:29:45 INFO  LogLog4j:51 - Verification - is one way ticket: true
2017-05-03 22:29:45 INFO  LogLog4j:64 - Verification - is origin station correct: true
2017-05-03 22:29:46 INFO  LogLog4j:70 - Verification - is destintion station correct: true
2017-05-03 22:29:46 INFO  LogLog4j:58 - Verification - is one way date correct: false
]]></system-out>
  </testcase>
</testsuite>