<?xml version="1.0" encoding="UTF-8"?>
<!-- Generated by org.testng.reporters.JUnitReportReporter -->
<testsuite skipped="0" hostname="pcz5075" name="com.panel.CompaniesMarinaTest" tests="1" failures="0" timestamp="26 Mar 2017 08:38:49 GMT" time="2.955" errors="0">
  <testcase name="positiveCompaniesPageLoading" time="2.955" classname="com.panel.CompaniesMarinaTest"/>
</testsuite> <!-- com.panel.CompaniesMarinaTest -->
